<?xml version="1.0" encoding="UTF-8" standalone="no"?>
<!DOCTYPE log SYSTEM "logger.dtd">
<log>
<record>
  <date>2022-10-07T10:51:04</date>
  <millis>1665120064895</millis>
  <sequence>0</sequence>
  <logger>LogExample</logger>
  <level>INFO</level>
  <class>streamsAPI.LogExmple</class>
  <method>main</method>
  <thread>1</thread>
  <message>Info message</message>
</record>
<record>
  <date>2022-10-07T10:51:04</date>
  <millis>1665120064919</millis>
  <sequence>1</sequence>
  <logger>LogExample</logger>
  <level>INFO</level>
  <class>streamsAPI.LogExmple</class>
  <method>main</method>
  <thread>1</thread>
  <message>info level</message>
</record>
<record>
  <date>2022-10-07T10:51:04</date>
  <millis>1665120064919</millis>
  <sequence>2</sequence>
  <logger>LogExample</logger>
  <level>WARNING</level>
  <class>streamsAPI.LogExmple</class>
  <method>main</method>
  <thread>1</thread>
  <message>all level logging</message>
</record>
</log>
<?xml version="1.0" encoding="UTF-8" standalone="no"?>
<!DOCTYPE log SYSTEM "logger.dtd">
<log>
<record>
  <date>2022-10-07T10:59:44</date>
  <millis>1665120584311</millis>
  <sequence>0</sequence>
  <logger>LogExample</logger>
  <level>SEVERE</level>
  <class>streamsAPI.LogExmple</class>
  <method>main</method>
  <thread>1</thread>
  <message>coudn't open the file</message>
  <exception>
    <message>java.io.IOException: couldn,t read file</message>
    <frame>
      <class>streamsAPI.LogExmple</class>
      <method>main</method>
      <line>36</line>
    </frame>
  </exception>
</record>
<record>
  <date>2022-10-07T10:59:44</date>
  <millis>1665120584340</millis>
  <sequence>1</sequence>
  <logger>LogExample</logger>
  <level>INFO</level>
  <class>streamsAPI.LogExmple</class>
  <method>main</method>
  <thread>1</thread>
  <message>Info message</message>
</record>
<record>
  <date>2022-10-07T10:59:44</date>
  <millis>1665120584340</millis>
  <sequence>2</sequence>
  <logger>LogExample</logger>
  <level>INFO</level>
  <class>streamsAPI.LogExmple</class>
  <method>main</method>
  <thread>1</thread>
  <message>info level</message>
</record>
<record>
  <date>2022-10-07T10:59:44</date>
  <millis>1665120584340</millis>
  <sequence>3</sequence>
  <logger>LogExample</logger>
  <level>WARNING</level>
  <class>streamsAPI.LogExmple</class>
  <method>main</method>
  <thread>1</thread>
  <message>all level logging</message>
</record>
</log>
<?xml version="1.0" encoding="UTF-8" standalone="no"?>
<!DOCTYPE log SYSTEM "logger.dtd">
<log>
<record>
  <date>2022-10-07T11:01:00</date>
  <millis>1665120660463</millis>
  <sequence>0</sequence>
  <logger>LogExample</logger>
  <level>SEVERE</level>
  <class>streamsAPI.LogExmple</class>
  <method>main</method>
  <thread>1</thread>
  <message>coudn't open the file</message>
  <exception>
    <message>java.io.IOException: couldn't read file</message>
    <frame>
      <class>streamsAPI.LogExmple</class>
      <method>main</method>
      <line>37</line>
    </frame>
  </exception>
</record>
<record>
  <date>2022-10-07T11:01:00</date>
  <millis>1665120660497</millis>
  <sequence>1</sequence>
  <logger>LogExample</logger>
  <level>INFO</level>
  <class>streamsAPI.LogExmple</class>
  <method>main</method>
  <thread>1</thread>
  <message>Info message</message>
</record>
<record>
  <date>2022-10-07T11:01:00</date>
  <millis>1665120660497</millis>
  <sequence>2</sequence>
  <logger>LogExample</logger>
  <level>INFO</level>
  <class>streamsAPI.LogExmple</class>
  <method>main</method>
  <thread>1</thread>
  <message>info level</message>
</record>
<record>
  <date>2022-10-07T11:01:00</date>
  <millis>1665120660497</millis>
  <sequence>3</sequence>
  <logger>LogExample</logger>
  <level>WARNING</level>
  <class>streamsAPI.LogExmple</class>
  <method>main</method>
  <thread>1</thread>
  <message>all level logging</message>
</record>
</log>
